\BOOKMARK [0][-]{chapter.1}{\376\377\000A\000l\000g\000o\000r\000i\000t\000h\000m\000s}{}% 1
\BOOKMARK [1][-]{section.1.1}{\376\377\000S\000w\000a\000p}{chapter.1}% 2
\BOOKMARK [2][-]{subsection.1.1.1}{\376\377\000T\000e\000m\000p\000o\000r\000a\000r\000y\000\040\000V\000a\000r\000i\000a\000b\000l\000e\000\040\000S\000w\000a\000p}{section.1.1}% 3
\BOOKMARK [2][-]{subsection.1.1.2}{\376\377\000A\000r\000i\000t\000h\000m\000e\000t\000i\000c\000\040\000S\000w\000a\000p}{section.1.1}% 4
\BOOKMARK [2][-]{subsection.1.1.3}{\376\377\000B\000i\000t\000w\000i\000s\000e\000\040\000X\000O\000R\000\040\000S\000w\000a\000p}{section.1.1}% 5
\BOOKMARK [2][-]{subsection.1.1.4}{\376\377\000M\000u\000l\000t\000i\000p\000l\000i\000c\000a\000t\000i\000o\000n\000/\000D\000i\000v\000i\000s\000i\000o\000n\000\040\000S\000w\000a\000p}{section.1.1}% 6
\BOOKMARK [2][-]{subsection.1.1.5}{\376\377\000P\000a\000r\000a\000l\000l\000e\000l\000\040\000A\000s\000s\000i\000g\000n\000m\000e\000n\000t\000\040\000S\000w\000a\000p}{section.1.1}% 7
\BOOKMARK [1][-]{section.1.2}{\376\377\000S\000u\000m\000\040\000o\000f\000\040\000A\000r\000i\000t\000h\000m\000e\000t\000i\000c\000\040\000S\000e\000r\000i\000e\000s}{chapter.1}% 8
\BOOKMARK [1][-]{section.1.3}{\376\377\000S\000e\000a\000r\000c\000h}{chapter.1}% 9
\BOOKMARK [2][-]{subsection.1.3.1}{\376\377\000L\000i\000n\000e\000a\000r\000\040\000S\000e\000a\000r\000c\000h}{section.1.3}% 10
\BOOKMARK [2][-]{subsection.1.3.2}{\376\377\000B\000i\000n\000a\000r\000y\000\040\000S\000e\000a\000r\000c\000h}{section.1.3}% 11
\BOOKMARK [1][-]{section.1.4}{\376\377\000M\000i\000n\000\040\000a\000n\000d\000\040\000M\000a\000x}{chapter.1}% 12
\BOOKMARK [1][-]{section.1.5}{\376\377\000S\000o\000r\000t}{chapter.1}% 13
\BOOKMARK [2][-]{subsection.1.5.1}{\376\377\000B\000u\000b\000b\000l\000e\000\040\000S\000o\000r\000t}{section.1.5}% 14
\BOOKMARK [2][-]{subsection.1.5.2}{\376\377\000S\000e\000l\000e\000c\000t\000i\000o\000n\000\040\000S\000o\000r\000t}{section.1.5}% 15
\BOOKMARK [2][-]{subsection.1.5.3}{\376\377\000I\000n\000s\000e\000r\000t\000i\000o\000n\000\040\000S\000o\000r\000t}{section.1.5}% 16
\BOOKMARK [2][-]{subsection.1.5.4}{\376\377\000M\000e\000r\000g\000e\000\040\000S\000o\000r\000t}{section.1.5}% 17
\BOOKMARK [2][-]{subsection.1.5.5}{\376\377\000Q\000u\000i\000c\000k\000\040\000S\000o\000r\000t}{section.1.5}% 18
\BOOKMARK [2][-]{subsection.1.5.6}{\376\377\000H\000e\000a\000p\000\040\000S\000o\000r\000t}{section.1.5}% 19
\BOOKMARK [2][-]{subsection.1.5.7}{\376\377\000T\000i\000m\000\040\000S\000o\000r\000t}{section.1.5}% 20
\BOOKMARK [0][-]{chapter.2}{\376\377\000P\000r\000o\000t\000o\000c\000o\000l\000s}{}% 21
\BOOKMARK [1][-]{section.2.1}{\376\377\000I\000P}{chapter.2}% 22
\BOOKMARK [2][-]{subsection.2.1.1}{\376\377\000I\000P\000v\0004}{section.2.1}% 23
\BOOKMARK [2][-]{subsection.2.1.2}{\376\377\000I\000P\000v\0006}{section.2.1}% 24
\BOOKMARK [2][-]{subsection.2.1.3}{\376\377\000P\000u\000b\000l\000i\000c}{section.2.1}% 25
\BOOKMARK [2][-]{subsection.2.1.4}{\376\377\000P\000r\000i\000v\000a\000t\000e}{section.2.1}% 26
\BOOKMARK [2][-]{subsection.2.1.5}{\376\377\000S\000t\000a\000t\000i\000c}{section.2.1}% 27
\BOOKMARK [2][-]{subsection.2.1.6}{\376\377\000D\000y\000n\000a\000m\000i\000c}{section.2.1}% 28
\BOOKMARK [1][-]{section.2.2}{\376\377\000T\000C\000P}{chapter.2}% 29
\BOOKMARK [1][-]{section.2.3}{\376\377\000T\000L\000S}{chapter.2}% 30
\BOOKMARK [1][-]{section.2.4}{\376\377\000U\000D\000P}{chapter.2}% 31
\BOOKMARK [1][-]{section.2.5}{\376\377\000D\000N\000S}{chapter.2}% 32
\BOOKMARK [0][-]{chapter.3}{\376\377\000A\000P\000I}{}% 33
